Line 73: Class MSDataGridLib.DataGrid of control DataGrid1 was not a loaded control class.
Line 138: Class MSAdodcLib.Adodc of control ADODCINV was not a loaded control class.
Line 74: The property name Bindings in DataGrid1 is invalid.
Line 80: The property name _ExtentX in DataGrid1 is invalid.
Line 81: The property name _ExtentY in DataGrid1 is invalid.
Line 82: The property name _Version in DataGrid1 is invalid.
Line 83: The property name HeadLines in DataGrid1 is invalid.
Line 84: The property name RowHeight in DataGrid1 is invalid.
Line 93: The property name HeadFont in DataGrid1 is invalid.
Line 103: The property name ColumnCount in DataGrid1 is invalid.
Line 116: The property name Column00 in DataGrid1 is invalid.
Line 129: The property name Column01 in DataGrid1 is invalid.
Line 130: The property name SplitCount in DataGrid1 is invalid.
Line 136: The property name Split0 in DataGrid1 is invalid.
Line 144: The property name _ExtentX in ADODCINV is invalid.
Line 145: The property name _ExtentY in ADODCINV is invalid.
Line 146: The property name ConnectMode in ADODCINV is invalid.
Line 147: The property name CursorLocation in ADODCINV is invalid.
Line 148: The property name IsolationLevel in ADODCINV is invalid.
Line 149: The property name ConnectionTimeout in ADODCINV is invalid.
Line 150: The property name CommandTimeout in ADODCINV is invalid.
Line 151: The property name CursorType in ADODCINV is invalid.
Line 152: The property name LockType in ADODCINV is invalid.
Line 153: The property name CommandType in ADODCINV is invalid.
Line 154: The property name CursorOptions in ADODCINV is invalid.
Line 155: The property name CacheSize in ADODCINV is invalid.
Line 156: The property name MaxRecords in ADODCINV is invalid.
Line 157: The property name BOFAction in ADODCINV is invalid.
Line 158: The property name EOFAction in ADODCINV is invalid.
Line 159: The property name ConnectStringType in ADODCINV is invalid.
Line 163: The property name Orientation in ADODCINV is invalid.
Line 165: The property name Connect in ADODCINV is invalid.
Line 166: The property name OLEDBString in ADODCINV is invalid.
Line 167: The property name OLEDBFile in ADODCINV is invalid.
Line 168: The property name DataSourceName in ADODCINV is invalid.
Line 169: The property name OtherAttributes in ADODCINV is invalid.
Line 170: The property name UserName in ADODCINV is invalid.
Line 171: The property name Password in ADODCINV is invalid.
Line 172: The property name RecordSource in ADODCINV is invalid.
Line 173: The property name Caption in ADODCINV is invalid.
Line 183: The property name _Version in ADODCINV is invalid.
